{"/Users/syang/Projects/Mysite/site/src/comp.js": {"path":"/Users/syang/Projects/Mysite/site/src/comp.js","statementMap":{"0":{"start":{"line":1,"column":13},"end":{"line":1,"column":75}},"1":{"start":{"line":1,"column":85},"end":{"line":1,"column":119}},"2":{"start":{"line":1,"column":105},"end":{"line":1,"column":118}},"3":{"start":{"line":1,"column":120},"end":{"line":3,"column":14}}},"fnMap":{"0":{"name":"sum","decl":{"start":{"line":1,"column":94},"end":{"line":1,"column":97}},"loc":{"start":{"line":1,"column":104},"end":{"line":1,"column":119}}}},"branchMap":{},"s":{"0":1,"1":1,"2":3,"3":1},"f":{"0":3},"b":{},"_coverageSchema":"332fd63041d2c1bcb487cc26dd0d5f7d97098a6c","hash":"61ca4215fb7cc842f2259c53077cce5246dad91f"}
}
